<?xml version="1.0" encoding="UTF-8"?>
<!-- Generated by org.testng.reporters.JUnitXMLReporter -->
<testsuite ignored="0" hostname="KhaledaMalek" failures="0" tests="3" name="Default test" time="57.54" errors="0" timestamp="2024-01-27T23:22:39 CST">
  <testcase classname="variousConcepts.CrmTest" name="TestLogin" time="8.065"/>
  <testcase classname="variousConcepts.CrmTest" name="testAlert" time="0.101"/>
  <testcase classname="variousConcepts.CrmTest" name="testAddCustomer" time="10.868"/>
</testsuite> <!-- Default test -->
