<?xml version="1.0" encoding="UTF-8"?>
<testng-results ignored="0" total="2" passed="2" failed="0" skipped="0">
  <reporter-output>
  </reporter-output>
  <suite started-at="2024-01-24T20:51:55 CST" name="variousConcepts.CrmTest" finished-at="2024-01-24T20:52:32 CST" duration-ms="36918">
    <groups>
    </groups>
    <test started-at="2024-01-24T20:51:55 CST" name="Command line test" finished-at="2024-01-24T20:52:32 CST" duration-ms="36918">
      <class name="variousConcepts.CrmTest">
        <test-method is-config="true" signature="readConfig()[pri:0, instance:variousConcepts.CrmTest@7d8704ef]" started-at="2024-01-24T20:51:55 CST" name="readConfig" finished-at="2024-01-24T20:51:55 CST" duration-ms="29" status="PASS">
          <reporter-output>
          </reporter-output>
        </test-method> <!-- readConfig -->
        <test-method is-config="true" signature="init()[pri:0, instance:variousConcepts.CrmTest@7d8704ef]" started-at="2024-01-24T20:51:55 CST" name="init" finished-at="2024-01-24T20:51:59 CST" duration-ms="4405" status="PASS">
          <reporter-output>
          </reporter-output>
        </test-method> <!-- init -->
        <test-method signature="TestLogin()[pri:0, instance:variousConcepts.CrmTest@7d8704ef]" started-at="2024-01-24T20:51:59 CST" name="TestLogin" finished-at="2024-01-24T20:52:08 CST" duration-ms="8584" status="PASS">
          <reporter-output>
          </reporter-output>
        </test-method> <!-- TestLogin -->
        <test-method is-config="true" signature="tearDown()[pri:0, instance:variousConcepts.CrmTest@7d8704ef]" started-at="2024-01-24T20:52:08 CST" name="tearDown" finished-at="2024-01-24T20:52:18 CST" duration-ms="10113" status="PASS">
          <reporter-output>
          </reporter-output>
        </test-method> <!-- tearDown -->
        <test-method is-config="true" signature="init()[pri:0, instance:variousConcepts.CrmTest@7d8704ef]" started-at="2024-01-24T20:52:18 CST" name="init" finished-at="2024-01-24T20:52:21 CST" duration-ms="3281" status="PASS">
          <reporter-output>
          </reporter-output>
        </test-method> <!-- init -->
        <test-method signature="testAlert()[pri:0, instance:variousConcepts.CrmTest@7d8704ef]" started-at="2024-01-24T20:52:21 CST" name="testAlert" finished-at="2024-01-24T20:52:22 CST" duration-ms="162" status="PASS">
          <reporter-output>
          </reporter-output>
        </test-method> <!-- testAlert -->
        <test-method is-config="true" signature="tearDown()[pri:0, instance:variousConcepts.CrmTest@7d8704ef]" started-at="2024-01-24T20:52:22 CST" name="tearDown" finished-at="2024-01-24T20:52:32 CST" duration-ms="10279" status="PASS">
          <reporter-output>
          </reporter-output>
        </test-method> <!-- tearDown -->
      </class> <!-- variousConcepts.CrmTest -->
    </test> <!-- Command line test -->
  </suite> <!-- variousConcepts.CrmTest -->
</testng-results>
