<?xml version="1.0" encoding="UTF-8"?>
<testng-results ignored="0" total="3" passed="3" failed="0" skipped="0">
  <reporter-output>
  </reporter-output>
  <suite started-at="2024-01-27T23:21:41 CST" name="Default suite" finished-at="2024-01-27T23:22:39 CST" duration-ms="57540">
    <groups>
    </groups>
    <test started-at="2024-01-27T23:21:41 CST" name="Default test" finished-at="2024-01-27T23:22:39 CST" duration-ms="57540">
      <class name="variousConcepts.CrmTest">
        <test-method is-config="true" signature="readConfig()[pri:0, instance:variousConcepts.CrmTest@563f38c4]" started-at="2024-01-27T23:21:41 CST" name="readConfig" finished-at="2024-01-27T23:21:41 CST" duration-ms="18" status="PASS">
          <reporter-output>
          </reporter-output>
        </test-method> <!-- readConfig -->
        <test-method is-config="true" signature="init()[pri:0, instance:variousConcepts.CrmTest@563f38c4]" started-at="2024-01-27T23:21:41 CST" name="init" finished-at="2024-01-27T23:21:44 CST" duration-ms="3147" status="PASS">
          <reporter-output>
          </reporter-output>
        </test-method> <!-- init -->
        <test-method signature="TestLogin()[pri:1, instance:variousConcepts.CrmTest@563f38c4]" started-at="2024-01-27T23:21:44 CST" name="TestLogin" finished-at="2024-01-27T23:21:52 CST" duration-ms="8065" status="PASS">
          <reporter-output>
          </reporter-output>
        </test-method> <!-- TestLogin -->
        <test-method is-config="true" signature="tearDown()[pri:0, instance:variousConcepts.CrmTest@563f38c4]" started-at="2024-01-27T23:21:52 CST" name="tearDown" finished-at="2024-01-27T23:22:03 CST" duration-ms="10283" status="PASS">
          <reporter-output>
          </reporter-output>
        </test-method> <!-- tearDown -->
        <test-method is-config="true" signature="init()[pri:0, instance:variousConcepts.CrmTest@563f38c4]" started-at="2024-01-27T23:22:03 CST" name="init" finished-at="2024-01-27T23:22:05 CST" duration-ms="2277" status="PASS">
          <reporter-output>
          </reporter-output>
        </test-method> <!-- init -->
        <test-method signature="testAlert()[pri:2, instance:variousConcepts.CrmTest@563f38c4]" started-at="2024-01-27T23:22:05 CST" name="testAlert" finished-at="2024-01-27T23:22:05 CST" duration-ms="101" status="PASS">
          <reporter-output>
          </reporter-output>
        </test-method> <!-- testAlert -->
        <test-method is-config="true" signature="tearDown()[pri:0, instance:variousConcepts.CrmTest@563f38c4]" started-at="2024-01-27T23:22:05 CST" name="tearDown" finished-at="2024-01-27T23:22:15 CST" duration-ms="10277" status="PASS">
          <reporter-output>
          </reporter-output>
        </test-method> <!-- tearDown -->
        <test-method is-config="true" signature="init()[pri:0, instance:variousConcepts.CrmTest@563f38c4]" started-at="2024-01-27T23:22:15 CST" name="init" finished-at="2024-01-27T23:22:18 CST" duration-ms="2247" status="PASS">
          <reporter-output>
          </reporter-output>
        </test-method> <!-- init -->
        <test-method signature="testAddCustomer()[pri:3, instance:variousConcepts.CrmTest@563f38c4]" started-at="2024-01-27T23:22:18 CST" name="testAddCustomer" finished-at="2024-01-27T23:22:29 CST" duration-ms="10868" status="PASS">
          <reporter-output>
          </reporter-output>
        </test-method> <!-- testAddCustomer -->
        <test-method is-config="true" signature="tearDown()[pri:0, instance:variousConcepts.CrmTest@563f38c4]" started-at="2024-01-27T23:22:29 CST" name="tearDown" finished-at="2024-01-27T23:22:39 CST" duration-ms="10198" status="PASS">
          <reporter-output>
          </reporter-output>
        </test-method> <!-- tearDown -->
      </class> <!-- variousConcepts.CrmTest -->
    </test> <!-- Default test -->
  </suite> <!-- Default suite -->
</testng-results>
